<?xml version="1.0" encoding="UTF-8"?>
<!-- Generated by org.testng.reporters.JUnitReportReporter -->
<testsuite hostname="DESKTOP-C21QKP5" failures="0" tests="2" name="TestNGbasic.CreatingDependencies" time="1.030" errors="1" timestamp="2024-07-29T12:19:21 IST" skipped="1">
  <testcase classname="TestNGbasic.CreatingDependencies" name="deleteAccount" time="0.001">
    <skipped/>
  </testcase> <!-- deleteAccount -->
  <testcase classname="TestNGbasic.CreatingDependencies" name="creatAccount" time="1.029">
    <error message="Method TestNGbasic.CreatingDependencies.creatAccount() didn&#039;t finish within the time-out 1000" type="org.testng.internal.thread.ThreadTimeoutException">
      <![CDATA[org.testng.internal.thread.ThreadTimeoutException: Method TestNGbasic.CreatingDependencies.creatAccount() didn't finish within the time-out 1000
at app//io.netty.util.HashedWheelTimer.<clinit>(HashedWheelTimer.java:93)
at app//org.asynchttpclient.DefaultAsyncHttpClient.newNettyTimer(DefaultAsyncHttpClient.java:111)
at app//org.asynchttpclient.DefaultAsyncHttpClient.<init>(DefaultAsyncHttpClient.java:90)
at app//org.asynchttpclient.Dsl.asyncHttpClient(Dsl.java:32)
at app//org.openqa.selenium.remote.http.netty.NettyClient.createHttpClient(NettyClient.java:91)
at app//org.openqa.selenium.remote.http.netty.NettyClient.<clinit>(NettyClient.java:43)
at app//org.openqa.selenium.remote.http.netty.NettyClient$Factory.createClient(NettyClient.java:124)
at app//org.openqa.selenium.remote.HttpCommandExecutor.<init>(HttpCommandExecutor.java:115)
at app//org.openqa.selenium.remote.HttpCommandExecutor.<init>(HttpCommandExecutor.java:92)
at app//org.openqa.selenium.remote.service.DriverCommandExecutor.<init>(DriverCommandExecutor.java:89)
at app//org.openqa.selenium.chromium.ChromiumDriverCommandExecutor.<init>(ChromiumDriverCommandExecutor.java:43)
at app//org.openqa.selenium.chrome.ChromeDriver$ChromeDriverCommandExecutor.<init>(ChromeDriver.java:115)
at app//org.openqa.selenium.chrome.ChromeDriver.generateExecutor(ChromeDriver.java:105)
at app//org.openqa.selenium.chrome.ChromeDriver.<init>(ChromeDriver.java:88)
at app//org.openqa.selenium.chrome.ChromeDriver.<init>(ChromeDriver.java:83)
at app//org.openqa.selenium.chrome.ChromeDriver.<init>(ChromeDriver.java:51)
at app//TestNGbasic.CreatingDependencies.creatAccount(CreatingDependencies.java:15)
at java.base@17.0.6/jdk.internal.reflect.NativeMethodAccessorImpl.invoke0(Native Method)
at java.base@17.0.6/jdk.internal.reflect.NativeMethodAccessorImpl.invoke(NativeMethodAccessorImpl.java:77)
at java.base@17.0.6/jdk.internal.reflect.DelegatingMethodAccessorImpl.invoke(DelegatingMethodAccessorImpl.java:43)
at java.base@17.0.6/java.lang.reflect.Method.invoke(Method.java:568)
at app//org.testng.internal.invokers.MethodInvocationHelper.invokeMethod(MethodInvocationHelper.java:139)
at app//org.testng.internal.invokers.InvokeMethodRunnable.runOne(InvokeMethodRunnable.java:47)
at app//org.testng.internal.invokers.InvokeMethodRunnable.call(InvokeMethodRunnable.java:76)
at app//org.testng.internal.invokers.InvokeMethodRunnable.call(InvokeMethodRunnable.java:11)
at java.base@17.0.6/java.util.concurrent.FutureTask.run(FutureTask.java:264)
at java.base@17.0.6/java.util.concurrent.ThreadPoolExecutor.runWorker(ThreadPoolExecutor.java:1136)
at java.base@17.0.6/java.util.concurrent.ThreadPoolExecutor$Worker.run(ThreadPoolExecutor.java:635)
at java.base@17.0.6/java.lang.Thread.run(Thread.java:833)
]]>
    </error>
  </testcase> <!-- creatAccount -->
</testsuite> <!-- TestNGbasic.CreatingDependencies -->
